# JRE version: OpenJDK Runtime Environment Microsoft-8035246 (17.0.8+7) (build 17.0.8+7-LTS)
# Java VM: OpenJDK 64-Bit Server VM Microsoft-8035246 (17.0.8+7-LTS, mixed mode, sharing, tiered, compressed oops, compressed class ptrs, g1 gc, windows-amd64)
GC Precious Log:
 CPUs: 8 total, 8 available
 Memory: 7834M
 Large Page Support: Disabled
 NUMA Support: Disabled
 Compressed Oops: Enabled (32-bit)
 Heap Region Size: 1M
 Heap Min Capacity: 8M
 Heap Initial Capacity: 124M
 Heap Max Capacity: 1960M
 Pre-touch: Disabled
 Parallel Workers: 8
 Concurrent Workers: 2
 Concurrent Refinement Workers: 8
 Periodic GC: Disabled
Heap:
 garbage-first heap   total 223232K, used 100212K [0x0000000085800000, 0x0000000100000000)
  region size 1024K, 27 young (27648K), 3 survivors (3072K)
 Metaspace       used 59336K, committed 59648K, reserved 1114112K
  class space    used 6859K, committed 6976K, reserved 1048576K
GC Heap History (20 events):
Event: 25.664 GC heap before
{Heap before GC invocations=16 (full 0):
 garbage-first heap   total 98304K, used 71935K [0x0000000085800000, 0x0000000100000000)
  region size 1024K, 35 young (35840K), 4 survivors (4096K)
 Metaspace       used 50244K, committed 50496K, reserved 1114112K
  class space    used 6037K, committed 6144K, reserved 1048576K
}
Event: 25.816 GC heap after
{Heap after GC invocations=17 (full 0):
 garbage-first heap   total 98304K, used 46080K [0x0000000085800000, 0x0000000100000000)
  region size 1024K, 5 young (5120K), 5 survivors (5120K)
 Metaspace       used 50244K, committed 50496K, reserved 1114112K
  class space    used 6037K, committed 6144K, reserved 1048576K
}
Event: 27.388 GC heap before
{Heap before GC invocations=17 (full 0):
 garbage-first heap   total 98304K, used 74752K [0x0000000085800000, 0x0000000100000000)
  region size 1024K, 33 young (33792K), 5 survivors (5120K)
 Metaspace       used 50574K, committed 50880K, reserved 1114112K
  class space    used 6068K, committed 6208K, reserved 1048576K
}
Event: 27.438 GC heap after
{Heap after GC invocations=18 (full 0):
 garbage-first heap   total 98304K, used 51583K [0x0000000085800000, 0x0000000100000000)
  region size 1024K, 5 young (5120K), 5 survivors (5120K)
 Metaspace       used 50574K, committed 50880K, reserved 1114112K
  class space    used 6068K, committed 6208K, reserved 1048576K
}
Event: 32.396 GC heap before
{Heap before GC invocations=18 (full 0):
 garbage-first heap   total 98304K, used 75135K [0x0000000085800000, 0x0000000100000000)
  region size 1024K, 28 young (28672K), 5 survivors (5120K)
 Metaspace       used 51603K, committed 51840K, reserved 1114112K
  class space    used 6202K, committed 6336K, reserved 1048576K
}
Event: 32.473 GC heap after
{Heap after GC invocations=19 (full 0):
 garbage-first heap   total 118784K, used 56250K [0x0000000085800000, 0x0000000100000000)
  region size 1024K, 4 young (4096K), 4 survivors (4096K)
 Metaspace       used 51603K, committed 51840K, reserved 1114112K
  class space    used 6202K, committed 6336K, reserved 1048576K
}
Event: 33.593 GC heap before
{Heap before GC invocations=20 (full 0):
 garbage-first heap   total 118784K, used 90042K [0x0000000085800000, 0x0000000100000000)
  region size 1024K, 37 young (37888K), 4 survivors (4096K)
 Metaspace       used 51733K, committed 51968K, reserved 1114112K
  class space    used 6208K, committed 6336K, reserved 1048576K
}
Event: 33.626 GC heap after
{Heap after GC invocations=21 (full 0):
 garbage-first heap   total 118784K, used 61933K [0x0000000085800000, 0x0000000100000000)
  region size 1024K, 5 young (5120K), 5 survivors (5120K)
 Metaspace       used 51733K, committed 51968K, reserved 1114112K
  class space    used 6208K, committed 6336K, reserved 1048576K
}
Event: 34.888 GC heap before
{Heap before GC invocations=21 (full 0):
 garbage-first heap   total 118784K, used 91629K [0x0000000085800000, 0x0000000100000000)
  region size 1024K, 34 young (34816K), 5 survivors (5120K)
 Metaspace       used 52159K, committed 52480K, reserved 1114112K
  class space    used 6247K, committed 6400K, reserved 1048576K
}
Event: 34.902 GC heap after
{Heap after GC invocations=22 (full 0):
 garbage-first heap   total 118784K, used 63793K [0x0000000085800000, 0x0000000100000000)
  region size 1024K, 2 young (2048K), 2 survivors (2048K)
 Metaspace       used 52159K, committed 52480K, reserved 1114112K
  class space    used 6247K, committed 6400K, reserved 1048576K
}
Event: 36.261 GC heap before
{Heap before GC invocations=23 (full 0):
 garbage-first heap   total 122880K, used 93489K [0x0000000085800000, 0x0000000100000000)
  region size 1024K, 31 young (31744K), 2 survivors (2048K)
 Metaspace       used 52650K, committed 52928K, reserved 1114112K
  class space    used 6304K, committed 6464K, reserved 1048576K
}
Event: 36.278 GC heap after
{Heap after GC invocations=24 (full 0):
 garbage-first heap   total 122880K, used 64754K [0x0000000085800000, 0x0000000100000000)
  region size 1024K, 3 young (3072K), 3 survivors (3072K)
 Metaspace       used 52650K, committed 52928K, reserved 1114112K
  class space    used 6304K, committed 6464K, reserved 1048576K
}
Event: 42.709 GC heap before
{Heap before GC invocations=24 (full 0):
 garbage-first heap   total 122880K, used 98546K [0x0000000085800000, 0x0000000100000000)
  region size 1024K, 36 young (36864K), 3 survivors (3072K)
 Metaspace       used 55698K, committed 56000K, reserved 1114112K
  class space    used 6563K, committed 6720K, reserved 1048576K
}
Event: 42.734 GC heap after
{Heap after GC invocations=25 (full 0):
 garbage-first heap   total 122880K, used 67951K [0x0000000085800000, 0x0000000100000000)
  region size 1024K, 5 young (5120K), 5 survivors (5120K)
 Metaspace       used 55698K, committed 56000K, reserved 1114112K
  class space    used 6563K, committed 6720K, reserved 1048576K
}
Event: 46.090 GC heap before
{Heap before GC invocations=26 (full 0):
 garbage-first heap   total 122880K, used 100719K [0x0000000085800000, 0x0000000100000000)
  region size 1024K, 36 young (36864K), 5 survivors (5120K)
 Metaspace       used 57971K, committed 58304K, reserved 1114112K
  class space    used 6776K, committed 6912K, reserved 1048576K
}
Event: 46.124 GC heap after
{Heap after GC invocations=27 (full 0):
 garbage-first heap   total 122880K, used 72482K [0x0000000085800000, 0x0000000100000000)
  region size 1024K, 5 young (5120K), 5 survivors (5120K)
 Metaspace       used 57971K, committed 58304K, reserved 1114112K
  class space    used 6776K, committed 6912K, reserved 1048576K
}
Event: 46.186 GC heap before
{Heap before GC invocations=27 (full 0):
 garbage-first heap   total 122880K, used 72482K [0x0000000085800000, 0x0000000100000000)
  region size 1024K, 6 young (6144K), 5 survivors (5120K)
 Metaspace       used 58028K, committed 58368K, reserved 1114112K
  class space    used 6786K, committed 6912K, reserved 1048576K
}
Event: 46.205 GC heap after
{Heap after GC invocations=28 (full 0):
 garbage-first heap   total 122880K, used 72555K [0x0000000085800000, 0x0000000100000000)
  region size 1024K, 1 young (1024K), 1 survivors (1024K)
 Metaspace       used 58028K, committed 58368K, reserved 1114112K
  class space    used 6786K, committed 6912K, reserved 1048576K
}
Event: 52.302 GC heap before
{Heap before GC invocations=28 (full 0):
 garbage-first heap   total 122880K, used 100203K [0x0000000085800000, 0x0000000100000000)
  region size 1024K, 28 young (28672K), 1 survivors (1024K)
 Metaspace       used 59012K, committed 59328K, reserved 1114112K
  class space    used 6846K, committed 6976K, reserved 1048576K
}
Event: 52.346 GC heap after
{Heap after GC invocations=29 (full 0):
 garbage-first heap   total 223232K, used 74612K [0x0000000085800000, 0x0000000100000000)
  region size 1024K, 3 young (3072K), 3 survivors (3072K)
 Metaspace       used 59012K, committed 59328K, reserved 1114112K
  class space    used 6846K, committed 6976K, reserved 1048576K
}

